INFO: [VRFC 10-2263] Analyzing Verilog file "C:/Users/10096/Documents/AES/Vivado/aes_128_bz_Sbox/aes_128_bz.srcs/sources_1/new/KeyExtend.v" into library xil_defaultlib
INFO: [VRFC 10-311] analyzing module KeyExtend
INFO: [VRFC 10-2263] Analyzing Verilog file "C:/Users/10096/Documents/AES/Vivado/aes_128_bz_Sbox/aes_128_bz.srcs/sources_1/new/MixColumns.v" into library xil_defaultlib
INFO: [VRFC 10-311] analyzing module MixColumns
INFO: [VRFC 10-2263] Analyzing Verilog file "C:/Users/10096/Documents/AES/Vivado/aes_128_bz_Sbox/aes_128_bz.srcs/sources_1/new/Round.v" into library xil_defaultlib
INFO: [VRFC 10-311] analyzing module Round
INFO: [VRFC 10-2263] Analyzing Verilog file "C:/Users/10096/Documents/AES/Vivado/aes_128_bz_Sbox/aes_128_bz.srcs/sources_1/new/Round_fin.v" into library xil_defaultlib
INFO: [VRFC 10-311] analyzing module Round_fin
INFO: [VRFC 10-2263] Analyzing Verilog file "C:/Users/10096/Documents/AES/Vivado/aes_128_bz_Sbox/aes_128_bz.srcs/sources_1/new/ShiftRows.v" into library xil_defaultlib
INFO: [VRFC 10-311] analyzing module ShiftRows
INFO: [VRFC 10-2263] Analyzing Verilog file "C:/Users/10096/Documents/AES/Vivado/aes_128_bz_Sbox/aes_128_bz.srcs/sources_1/new/SubBytes.v" into library xil_defaultlib
INFO: [VRFC 10-311] analyzing module SubBytes
INFO: [VRFC 10-2263] Analyzing Verilog file "C:/Users/10096/Documents/AES/Vivado/aes_128_bz_Sbox/aes_128_bz.srcs/sources_1/new/T.v" into library xil_defaultlib
INFO: [VRFC 10-311] analyzing module T
INFO: [VRFC 10-2263] Analyzing Verilog file "C:/Users/10096/Documents/AES/Vivado/aes_128_bz_Sbox/aes_128_bz.srcs/sources_1/new/aes_sbox.v" into library xil_defaultlib
INFO: [VRFC 10-311] analyzing module aes_sbox
INFO: [VRFC 10-311] analyzing module XOR
INFO: [VRFC 10-311] analyzing module XNOR
INFO: [VRFC 10-311] analyzing module NAND
INFO: [VRFC 10-311] analyzing module NOR
INFO: [VRFC 10-311] analyzing module Input
INFO: [VRFC 10-311] analyzing module Top
INFO: [VRFC 10-311] analyzing module Middle
INFO: [VRFC 10-311] analyzing module Bottom
INFO: [VRFC 10-311] analyzing module Output
INFO: [VRFC 10-2263] Analyzing Verilog file "C:/Users/10096/Documents/AES/Vivado/aes_128_bz_Sbox/aes_128_bz.srcs/sources_1/new/aes_top.v" into library xil_defaultlib
INFO: [VRFC 10-311] analyzing module aes_top
INFO: [VRFC 10-2263] Analyzing Verilog file "C:/Users/10096/Documents/AES/Vivado/aes_128_bz_Sbox/aes_128_bz.srcs/sources_1/new/round_xor.v" into library xil_defaultlib
INFO: [VRFC 10-311] analyzing module round_xor
INFO: [VRFC 10-2263] Analyzing Verilog file "C:/Users/10096/Documents/AES/Vivado/aes_128_bz_Sbox/aes_128_bz.srcs/sim_1/new/test_aestop.v" into library xil_defaultlib
INFO: [VRFC 10-311] analyzing module test_aestop
